<?xml version="1.0" encoding="UTF-8"?>
<!-- Generated by org.testng.reporters.JUnitXMLReporter -->
<testsuite ignored="4" hostname="DHAMONI" failures="0" tests="3" name="TestRunner2" time="0.537" errors="0" timestamp="2023-09-20T09:36:22 IST">
  <testcase classname="com.admin_module.test.EditAndViewMenu_POMTest" name="EditMenuAndView" time="0.0">
    <skipped/>
  </testcase> <!-- EditMenuAndView -->
  <testcase classname="com.admin_module.test.AddMenu_POMTest" name="AddMenu" time="0.001">
    <skipped/>
  </testcase> <!-- AddMenu -->
  <testcase classname="com.admin_module.test.DeleteMenuPomTest" name="DeleteMenu" time="0.0">
    <skipped/>
  </testcase> <!-- DeleteMenu -->
  <testcase classname="com.IB.genericUtils.BaseClass" name="@BeforeSuite configBS" time="0.0">
    <ignored/>
  </testcase> <!-- @BeforeSuite configBS -->
  <testcase classname="com.IB.genericUtils.BaseClass" name="@AfterSuite configAS" time="0.0">
    <ignored/>
  </testcase> <!-- @AfterSuite configAS -->
  <testcase classname="com.IB.genericUtils.BaseClass" name="@AfterSuite configAS" time="0.0">
    <ignored/>
  </testcase> <!-- @AfterSuite configAS -->
  <testcase classname="com.IB.genericUtils.BaseClass" name="@BeforeSuite configBS" time="0.0">
    <ignored/>
  </testcase> <!-- @BeforeSuite configBS -->
</testsuite> <!-- TestRunner2 -->
